<?xml version="1.0" encoding="UTF-8"?>
<testsuite name="AnimalTests" tests="4" skipped="0" failures="0" errors="0" timestamp="2020-02-10T12:24:48" hostname="recruit" time="0.012">
  <properties/>
  <testcase name="TestDogEats" classname="AnimalTests" time="0.001"/>
  <testcase name="TestCatSound" classname="AnimalTests" time="0.008"/>
  <testcase name="TestDogSound" classname="AnimalTests" time="0.001"/>
  <testcase name="TestCatEats" classname="AnimalTests" time="0.001"/>
  <system-out><![CDATA[Barks
Meows
]]></system-out>
  <system-err><![CDATA[]]></system-err>
</testsuite>
